<?xml version="1.0" encoding="UTF-8"?>
<testsuite name="ch03.scratch.AssertTest" tests="14" skipped="3" failures="0" errors="0" timestamp="2021-02-14T14:52:22" hostname="imlmdvkartikm.local" time="0.007">
  <properties/>
  <testcase name="testWithWorthlessAssertionComment" classname="ch03.scratch.AssertTest" time="0.0"/>
  <testcase name="comparesArraysFailing" classname="ch03.scratch.AssertTest" time="0.0">
    <skipped/>
  </testcase>
  <testcase name="readsFromTestFile" classname="ch03.scratch.AssertTest" time="0.001"/>
  <testcase name="comparesArraysPassing" classname="ch03.scratch.AssertTest" time="0.0"/>
  <testcase name="variousMatcherTests" classname="ch03.scratch.AssertTest" time="0.003"/>
  <testcase name="depositIncreasesBalance" classname="ch03.scratch.AssertTest" time="0.0"/>
  <testcase name="throwsWhenWithrowingTooMuch" classname="ch03.scratch.AssertTest" time="0.0"/>
  <testcase name="depositIncreasesBalance_hamcrestAssertTrue" classname="ch03.scratch.AssertTest" time="0.0"/>
  <testcase name="comparesCollectionsFailing" classname="ch03.scratch.AssertTest" time="0.0">
    <skipped/>
  </testcase>
  <testcase name="throwsWhenWithdrawingTooMuchTry" classname="ch03.scratch.AssertTest" time="0.0"/>
  <testcase name="comparesCollectionsPassing" classname="ch03.scratch.AssertTest" time="0.0"/>
  <testcase name="exceptionRule" classname="ch03.scratch.AssertTest" time="0.001"/>
  <testcase name="assertFailure" classname="ch03.scratch.AssertTest" time="0.0">
    <skipped/>
  </testcase>
  <testcase name="hasPositiveBalance" classname="ch03.scratch.AssertTest" time="0.0"/>
  <system-out><![CDATA[]]></system-out>
  <system-err><![CDATA[]]></system-err>
</testsuite>
