<?xml version="1.0" encoding="UTF-8"?>
<testsuite name="ch02.ProfileTest" tests="2" skipped="0" failures="0" errors="0" timestamp="2021-02-14T06:27:45" hostname="imlmdvkartikm.local" time="0.001">
  <properties/>
  <testcase name="matchAnswersTrueForAnyDontCareCriteria" classname="ch02.ProfileTest" time="0.001"/>
  <testcase name="matchAnswersFalseWhenMustWatchCriteriaNotMet" classname="ch02.ProfileTest" time="0.0"/>
  <system-out><![CDATA[]]></system-out>
  <system-err><![CDATA[]]></system-err>
</testsuite>
