<?xml version="1.0" encoding="UTF-8"?>
<testsuite name="ch01.ScoreCollectionTest" tests="1" skipped="0" failures="0" errors="0" timestamp="2021-02-14T06:27:45" hostname="imlmdvkartikm.local" time="0.008">
  <properties/>
  <testcase name="answerArithmeticMeanOfTwoNumbers" classname="ch01.ScoreCollectionTest" time="0.008"/>
  <system-out><![CDATA[]]></system-out>
  <system-err><![CDATA[]]></system-err>
</testsuite>
