<?xml version="1.0" encoding="UTF-8"?>
<testsuite name="ch04.ProfileTest" tests="1" skipped="0" failures="0" errors="0" timestamp="2021-02-14T14:52:22" hostname="imlmdvkartikm.local" time="0.001">
  <properties/>
  <testcase name="matches" classname="ch04.ProfileTest" time="0.001"/>
  <system-out><![CDATA[]]></system-out>
  <system-err><![CDATA[]]></system-err>
</testsuite>
