<?xml version="1.0" encoding="UTF-8"?>
<testsuite name="ch03.scratch.AssertHamcrestTest" tests="3" skipped="1" failures="0" errors="0" timestamp="2021-02-14T06:27:45" hostname="imlmdvkartikm.local" time="0.002">
  <properties/>
  <testcase name="assertDoublesEqual" classname="ch03.scratch.AssertHamcrestTest" time="0.001">
    <skipped/>
  </testcase>
  <testcase name="assertDoublesCloseTo" classname="ch03.scratch.AssertHamcrestTest" time="0.0"/>
  <testcase name="assertWithTolerance" classname="ch03.scratch.AssertHamcrestTest" time="0.0"/>
  <system-out><![CDATA[]]></system-out>
  <system-err><![CDATA[]]></system-err>
</testsuite>
